2021-07-06 12:03:30 detection Presence duration: 13.2375 sec
2021-07-06 12:03:35 detection Son duration: 6.3735 sec
2021-07-06 12:03:40 detection Son duration: 5.1275 sec
2021-07-06 12:03:47 detection Presence duration: 5.3565 sec
2021-07-06 12:05:47 detection Presence duration: 5.3565 sec
2021-07-06 12:05:47 detection Presence duration: 5.3565 sec
2021-07-06 12:05:47 detection Presence duration: 5.3565 sec
2021-07-06 12:10:40 detection Son duration: 5.1275 sec

2021-07-06 14:58:56 detection Presence duration: 18.0625 sec
2021-07-06 15:02:09 detection Presence duration: 18.9385 sec
2021-07-06 15:03:22 detection Presence duration: 67.2245 sec
2021-07-06 15:04:02 detection Presence duration: 10.8645 sec
2021-07-06 15:04:18 detection Presence duration: 5.6505 sec
2021-07-06 15:05:17 detection Presence duration: 8.3925 sec
2021-07-06 15:05:38 detection Son duration: 5.4285 sec
2021-07-06 15:05:56 detection Presence duration: 7.4775 sec
2021-07-06 15:12:03 detection Presence duration: 45.1025 sec
2021-07-07 15:31:46 detection Presence duration: 8.8575 sec
2021-07-07 15:32:44 detection Presence duration: 7.0745 sec
2021-07-07 15:33:03 detection Presence duration: 13.0715 sec
2021-07-07 15:35:43 detection Presence duration: 89.6015 sec
2021-07-07 15:54:31 detection Presence duration: 991.5335 sec
2021-07-07 15:54:38 detection Presence duration: 2.4565 sec
2021-07-07 15:57:54 detection Son duration: 1.4985 sec
2021-07-07 15:58:02 detection Presence duration: 1.4985 sec
2021-07-07 15:58:41 detection Son duration: 1.4985 sec
2021-07-07 15:58:50 detection Son duration: 1.4985 sec
2021-07-07 15:59:32 detection Son duration: 5.7695 sec
2021-07-07 15:59:47 detection Presence duration: 6.7715 sec
2021-07-07 16:00:33 detection Son duration: 1.4985 sec
2021-07-07 16:00:48 detection Presence duration: 4.7715 sec
2021-07-07 16:00:56 detection Son duration: 4.7735 sec
2021-07-07 16:01:15 detection Son duration: 6.7725 sec
2021-07-07 16:01:18 detection Son duration: 1.4985 sec
2021-07-07 16:04:08 detection Son duration: 1.4985 sec
2021-07-07 16:04:28 detection Son duration: 1.4985 sec
2021-07-07 16:04:48 detection Son duration: 1.4985 sec
2021-07-07 16:04:58 detection Presence duration: 6.7725 sec
2021-07-07 16:05:12 detection Son duration: 7.7675 sec
2021-07-07 16:05:30 detection Son duration: 1.4985 sec
2021-07-07 16:06:24 detection Son duration: 1.4985 sec
2021-07-07 16:06:34 detection Presence duration: 4.7735 sec
2021-07-07 16:06:44 detection Son duration: 6.7735 sec
2021-07-07 16:07:34 detection Son duration: 1.4985 sec
2021-07-07 16:07:42 detection Son duration: 1.4985 sec
2021-07-07 16:07:50 detection Presence duration: 1.4985 sec
2021-07-07 16:09:01 detection Son duration: 1.4985 sec
2021-07-07 16:09:04 detection Presence duration: 1.4985 sec
2021-07-07 16:40:15 detection Presence duration: 38.8525 sec
2021-07-07 16:40:23 detection Presence duration: 7.9255 sec
2021-07-07 16:40:26 detection Presence duration: 2.0985 sec
2021-07-07 16:40:42 detection Presence duration: 8.1045 sec
2021-07-07 16:40:55 detection Son duration: 1.4985 sec
2021-07-07 16:41:06 detection Presence duration: 1.4985 sec
2021-07-07 16:41:17 detection Son duration: 1.4985 sec
2021-07-07 16:41:19 detection Presence duration: 1.4985 sec
2021-07-07 16:52:24 detection Son duration: 1.4985 sec
2021-07-07 16:52:29 detection Presence duration: 1.4985 sec
2021-07-07 16:53:10 detection Son duration: 1.4985 sec
2021-07-07 16:53:27 detection Son duration: 7.7685 sec
2021-07-07 16:53:41 detection Son duration: 1.4985 sec
2021-07-07 16:54:44 detection Presence duration: 1.4985 sec
2021-07-07 16:54:57 detection Son duration: 1.4985 sec
2021-07-07 17:18:32 detection Son duration: 3.9605 sec
2021-07-07 17:18:37 detection Son duration: 3.5805 sec
2021-07-07 17:19:00 detection Presence duration: 7.2695 sec
2021-07-07 17:19:21 detection Son duration: 5.4745 sec
2021-07-08 10:01:47 detection Presence duration: 5.4985 sec
2021-07-08 10:01:53 detection Presence duration: 5.0355 sec
2021-07-08 10:04:43 detection Son duration: 1.4985 sec
2021-07-08 10:26:57 detection Son duration: 3.7105 sec
2021-07-08 10:27:05 detection Presence duration: 5.3665 sec
2021-07-08 10:27:11 detection Son duration: 3.2155 sec
2021-07-08 10:27:19 detection Presence duration: 6.2075 sec
2021-07-08 10:32:01 detection Presence duration: 6.7725 sec
2021-07-08 10:32:28 detection Presence duration: 21.7635 sec
2021-07-08 10:40:25 detection Presence duration: 8.7725 sec
2021-07-08 10:43:08 detection Presence duration: 7.542 sec
2021-07-08 10:43:35 detection Presence duration: 6.269 sec
2021-07-08 10:44:00 detection Presence duration: 8.775 sec
2021-07-08 11:05:18.727000 detection Presence duration: 1.773 sec
2021-07-08 11:10:05 detection Presence duration: 3.924 sec
Presence 5770 15002021-07-08 11:15:02 detection Presence duration: 4.27 sec
Presence 1519 15002021-07-08 11:17:15 detection Presence duration: 0.019 sec
Presence 1500 15002021-07-08 11:18:07 detection Presence duration: 0.0 sec
Presence 25876 15002021-07-08 11:18:32 detection Presence duration: 24.376 sec
Presence 2775 15002021-07-08 11:19:24 detection Presence duration: 1.275 sec
Presence 2775 15002021-07-08 11:19:28 detection Presence duration: 1.275 sec
Presence 2775 15002021-07-08 11:19:34 detection Presence duration: 1.275 sec
Presence 3770 15002021-07-08 11:19:43 detection Presence duration: 2.27 sec
Presence 3770 15002021-07-08 11:19:49 detection Presence duration: 2.27 sec
Presence 3770 15002021-07-08 11:19:53 detection Presence duration: 2.27 sec
Presence 4773 15002021-07-08 11:19:58 detection Presence duration: 3.273 sec
Presence 4775 15002021-07-08 11:20:10 detection Presence duration: 3.275 sec
Presence 4774 15002021-07-08 11:20:21 detection Presence duration: 3.274 sec
Presence 4774 15002021-07-08 11:20:27 detection Presence duration: 3.274 sec
Presence 2278 15002021-07-08 11:21:13 detection Presence duration: 0.778 sec
Presence 2277 15002021-07-08 11:21:17 detection Presence duration: 0.777 sec
Presence 1872 15002021-07-08 11:21:59 detection Presence duration: 0.372 sec
Presence 1500 15002021-07-08 11:26:32 detection Presence duration: 0.0 sec
Presence 2501 15002021-07-08 11:27:32 detection Presence duration: 1.001 sec
Presence 5003 15002021-07-08 11:32:40 detection Presence duration: 3.503 sec
Presence 4953 15002021-07-08 12:00:14 detection Presence duration: 3.453 sec
2021-07-08 12:02:03 detection Presence duration: 2.503 sec
2021-07-08 12:03:25 detection Presence duration: 3.544 sec
2021-07-08 12:03:39 detection Presence duration: 0.25 sec
2021-07-08 12:34:17 detection Presence duration: 3.505 sec
2021-07-08 14:13:39 detection Presence duration: 4.005 sec
2021-07-08 14:33:36 detection Presence duration: 3.003 sec
2021-07-08 14:34:19 detection Presence duration: 3.003 sec
2021-07-08 14:34:39 detection Presence duration: 3.004 sec
2021-07-08 14:39:01 detection Presence duration: 3.004 sec
2021-07-08 14:39:45 detection Presence duration: 3.004 sec
2021-07-08 15:06:19 detection Presence duration: 10.01 sec
2021-07-08 15:07:54 detection Presence duration: 10.01 sec
2021-07-08 15:12:54 detection Presence duration: 10.01 sec
2021-07-08 15:14:42 detection Presence duration: 27.328 sec
2021-07-08 15:15:17 detection Presence duration: 9.977 sec
2021-07-08 15:15:44 detection Presence duration: 31.635 sec
2021-07-08 15:21:02 detection Presence duration: 5.007 sec
2021-07-08 15:25:34 detection Presence duration: 10.01 sec
2021-07-08 15:27:00 detection Presence duration: 10.011 sec
2021-07-08 15:32:33 detection Presence duration: 10.01 sec
2021-07-08 15:33:47 detection Presence duration: 10.01 sec
2021-07-08 16:06:47 detection Presence duration: 25.452 sec
2021-07-08 16:07:52 detection Presence duration: 12.867 sec
2021-07-08 16:15:55 detection Presence duration: 7.71 sec
2021-07-08 16:16:47 detection Presence duration: 41.631 sec
2021-07-08 16:23:15 detection Presence duration: 9.977 sec
2021-07-08 16:24:27 detection Presence duration: 57.293 sec
2021-07-08 16:25:31 detection Presence duration: -1.15 sec
2021-07-08 16:25:31 detection Presence duration: 13.71 sec
2021-07-08 16:25:50 detection Presence duration: 3.241 sec
2021-07-08 16:26:00 detection Presence duration: 0.0 sec
2021-07-08 16:26:02 detection Presence duration: 1.713 sec
2021-07-08 16:26:08 detection Presence duration: 4.794 sec
2021-07-08 16:26:16 detection Presence duration: 195.716 sec
2021-07-08 16:29:35 detection Presence duration: 40.723 sec
2021-07-08 16:30:22 detection Presence duration: 8.489 sec
2021-07-08 16:36:04 detection Presence duration: 25.34 sec
2021-07-08 16:36:51 detection Presence duration: 0.001 sec
2021-07-08 16:40:07 detection Presence duration: 21.412 sec
2021-07-08 16:40:48 detection Presence duration: 20.325 sec
2021-07-08 16:41:42 detection Presence duration: 19.303 sec
2021-07-08 16:43:12 detection Presence duration: 31.721 sec
2021-07-08 16:44:11 detection Presence duration: 116.265 sec
2021-07-08 16:46:16 detection Presence duration: 1.364 sec
2021-07-08 16:46:24 detection Presence duration: 0.0 sec
2021-07-08 16:46:33 detection Presence duration: 0.513 sec
2021-07-08 16:46:40 detection Presence duration: 0.5 sec
2021-07-08 16:46:48 detection Presence duration: 0.663 sec
2021-07-08 16:46:56 detection Presence duration: 0.0 sec
2021-07-08 16:47:24 detection Presence duration: 16.636 sec
2021-07-08 16:47:44 detection Presence duration: 32.44 sec
2021-07-08 16:48:25 detection Presence duration: 0.203 sec
2021-07-08 16:48:27 detection Presence duration: 6.681 sec
2021-07-08 16:49:17 detection Presence duration: 0.095 sec
2021-07-08 16:49:22 detection Presence duration: 1.573 sec
2021-07-08 16:51:57 detection Presence duration: 0.422 sec
2021-07-08 17:01:23 detection Presence duration: 3.158 sec
2021-07-08 17:01:29 detection Presence duration: 3.901 sec
2021-07-08 17:15:01 detection Presence duration: 0.001 sec
2021-07-08 17:15:53 detection Presence duration: 0.001 sec
2021-07-08 17:16:22 detection Presence duration: 0.001 sec
2021-07-08 17:17:08 detection Presence duration: 0.001 sec
2021-07-08 17:24:07 detection Presence duration: 0.001 sec
2021-07-08 17:24:42 detection Presence duration: 0.001 sec
2021-07-08 17:25:38 detection Presence duration: 0.001 sec
2021-07-08 17:26:18 detection Presence duration: 0.001 sec
2021-07-08 17:27:13 detection Presence duration: 0.001 sec
2021-07-08 17:27:37 detection Presence duration: 0.001 sec
2021-07-08 17:28:21 detection Presence duration: 0.001 sec
2021-07-08 17:30:44 detection Presence duration: 0.001 sec
2021-07-08 17:31:06 detection Presence duration: 0.001 sec
2021-07-08 17:31:30 detection Presence duration: 0.001 sec
2021-07-08 17:31:53 detection Presence duration: 0.002 sec
2021-07-08 17:32:41 detection Presence duration: 0.002 sec
2021-07-08 17:32:56 detection Presence duration: 0.001 sec
2021-07-08 17:34:51 detection Presence duration: 0.001 sec
2021-07-08 17:37:06 detection Presence duration: 0.001 sec
2021-07-08 17:37:47 detection Presence duration: 0.001 sec
2021-07-08 17:38:33 detection Presence duration: 0.001 sec
2021-07-08 17:39:15 detection Presence duration: 0.001 sec
2021-07-09 09:37:50 detection Presence duration: 0.001 sec
2021-07-09 09:40:21 detection Presence duration: 0.001 sec
2021-07-09 09:49:09 detection Presence duration: 0.001 sec
2021-07-09 09:51:22 detection Presence duration: 0.002 sec
2021-07-09 09:52:25 detection Presence duration: 0.001 sec
2021-07-09 09:55:11 detection Presence duration: 0.001 sec
2021-07-09 09:58:32 detection Presence duration: 0.001 sec
2021-07-09 09:58:57 detection Presence duration: 0.001 sec
2021-07-09 09:59:20 detection Presence duration: 0.001 sec
2021-07-09 09:59:59 detection Presence duration: 0.001 sec
2021-07-09 10:00:14 detection Presence duration: 0.001 sec
2021-07-09 10:00:39 detection Presence duration: 0.001 sec
2021-07-09 10:00:59 detection Presence duration: 0.001 sec
2021-07-09 10:01:46 detection Presence duration: 0.002 sec
2021-07-09 10:01:56 detection Presence duration: 0.002 sec
2021-07-09 10:02:05 detection Presence duration: 0.001 sec
2021-07-09 10:02:12 detection Presence duration: 0.001 sec
2021-07-09 10:02:19 detection Presence duration: 0.001 sec
2021-07-09 10:02:28 detection Presence duration: 0.001 sec
2021-07-09 10:02:36 detection Presence duration: 0.001 sec
2021-07-09 10:02:43 detection Presence duration: 0.001 sec
2021-07-09 10:03:20 detection Presence duration: 0.001 sec
2021-07-09 10:03:54 detection Presence duration: 0.001 sec
2021-07-09 10:04:05 detection Presence duration: 0.001 sec
2021-07-09 10:04:17 detection Presence duration: 0.001 sec
2021-07-09 10:04:24 detection Presence duration: 0.001 sec
2021-07-09 10:04:31 detection Presence duration: 0.001 sec
2021-07-09 10:04:44 detection Presence duration: 0.001 sec
2021-07-09 10:04:52 detection Presence duration: 0.001 sec
2021-07-09 10:04:59 detection Presence duration: 0.001 sec
2021-07-09 10:05:06 detection Presence duration: 0.001 sec
2021-07-09 10:08:31 detection Presence duration: 0.001 sec
2021-07-09 10:08:41 detection Presence duration: 0.001 sec
2021-07-09 10:09:33 detection Presence duration: 0.001 sec
2021-07-09 10:25:02 detection Presence duration: 0.001 sec
2021-07-09 10:25:34 detection Presence duration: 0.001 sec
2021-07-09 10:28:29 detection Presence duration: 0.001 sec
2021-07-09 10:28:53 detection Presence duration: 0.001 sec
2021-07-09 10:29:12 detection Presence duration: 0.001 sec
2021-07-09 10:30:04 detection Presence duration: 0.001 sec
2021-07-09 10:30:52 detection Presence duration: 0.001 sec
2021-07-09 10:31:09 detection Presence duration: 0.001 sec
2021-07-09 10:31:37 detection Presence duration: 0.001 sec
2021-07-09 10:32:27 detection Presence duration: 0.001 sec
2021-07-09 10:32:53 detection Presence duration: 0.001 sec
2021-07-09 10:35:03 detection Presence duration: 0.001 sec
2021-07-09 10:37:16 detection Presence duration: 0.001 sec
2021-07-09 10:38:02 detection Presence duration: 0.001 sec
2021-07-09 10:38:26 detection Presence duration: 0.001 sec
2021-07-09 10:38:49 detection Presence duration: 0.001 sec
2021-07-09 10:40:49 detection Presence duration: 0.001 sec
2021-07-09 10:41:27 detection Presence duration: 0.001 sec
2021-07-09 11:36:54 detection Presence duration: 0.001 sec
2021-07-09 11:37:53 detection Presence duration: 0.001 sec
2021-07-09 11:39:18 detection Presence duration: 0.001 sec
2021-07-09 11:40:12 detection Presence duration: 0.001 sec
2021-07-09 11:41:03 detection Presence duration: 0.001 sec
2021-07-09 11:41:26 detection Presence duration: 0.001 sec
2021-07-09 11:42:01 detection Presence duration: 0.001 sec
2021-07-09 11:42:30 detection Presence duration: 0.001 sec
2021-07-09 11:43:04 detection Presence duration: 0.001 sec
2021-07-09 11:43:21 detection Presence duration: 0.001 sec
2021-07-09 11:43:35 detection Presence duration: 0.001 sec
2021-07-09 12:12:26 detection Presence duration: 0.001 sec
2021-07-09 12:12:44 detection Presence duration: 0.001 sec
2021-07-09 12:14:22 detection Presence duration: 0.001 sec
2021-07-09 12:15:18 detection Presence duration: 0.002 sec
2021-07-09 12:16:42 detection Presence duration: 0.001 sec
2021-07-09 12:32:08 detection Presence duration: 0.001 sec
2021-07-09 12:32:21 detection Presence duration: 0.001 sec
2021-07-09 12:33:57 detection Presence duration: 0.001 sec
2021-07-09 12:34:21 detection Presence duration: 0.001 sec
2021-07-09 12:35:23 detection Presence duration: 0.001 sec
2021-07-09 12:35:51 detection Presence duration: 0.001 sec
2021-07-09 12:46:31 detection Presence duration: 0.001 sec
2021-07-09 12:48:38 detection Presence duration: 0.001 sec
2021-07-09 14:09:23 detection Presence duration: 2.002 sec
2021-07-09 14:09:43 detection Presence duration: 10.01 sec
2021-07-09 14:10:35 detection Presence duration: 5.506 sec
2021-07-09 14:17:57 detection Presence duration: 5.006 sec
2021-07-09 14:19:48 detection Presence duration: 10.01 sec
2021-07-09 14:35:37 detection Son duration: 4.811 sec
2021-07-09 14:35:45 detection Son duration: 6.097 sec
2021-07-09 14:37:11 detection Presence duration: 0.001 sec
